Skip to content
wabosphere
literead
Repository navigation
Code
Issues
Pull requests
Actions
Projects
Wiki
Security
Insights
Settings
Build & Test
Fix access to search bar text input in library view #28
All jobs
Run details
build
failed now in 4m 18s
Search logs
2s
1s
0s
0s
4m 10s
> Task :app:extractDeepLinksDebug
> Task :app:processDebugMainManifest
> Task :app:processDebugManifest
> Task :app:javaPreCompileDebug
> Task :app:mergeDebugShaders
> Task :app:compileDebugShaders NO-SOURCE
> Task :app:generateDebugAssets UP-TO-DATE
> Task :app:mergeDebugAssets
> Task :app:compressDebugAssets
> Task :app:desugarDebugFileDependencies
> Task :app:mergeDebugJniLibFolders
> Task :app:checkDebugDuplicateClasses
> Task :app:processDebugManifestForPackage
> Task :app:mergeDebugNativeLibs
> Task :app:processDebugResources
> Task :app:mergeExtDexDebug
> Task :app:mergeLibDexDebug
> Task :app:stripDebugDebugSymbols
Unable to strip the following libraries, packaging them as they are: libc++_shared.so, libjniPdfium.so, libmodft2.so, libmodpdfium.so, libmodpng.so.
> Task :app:validateSigningDebug
> Task :app:writeDebugAppMetadata
> Task :app:writeDebugSigningConfigVersions
> Task :app:kaptGenerateStubsDebugKotlin
> Task :app:kaptDebugKotlin
e: file:///home/runner/work/literead/literead/app/src/main/java/com/literead/ui/fragment/LibraryFragment.kt:70:119 Unresolved reference: search_bar_text_view
> Task :app:compileDebugKotlin FAILED
FAILURE: Build failed with an exception.
* What went wrong:
Execution failed for task ':app:compileDebugKotlin'.
> A failure occurred while executing org.jetbrains.kotlin.compilerRunner.GradleCompilerRunnerWithWorkers$GradleKotlinCompilerWorkAction
   > Compilation error. See log for more details
33 actionable tasks: 33 executed
* Try:
> Run with --stacktrace option to get the stack trace.
> Run with --info or --debug option to get more log output.
> Run with --scan to get full insights.
> Get more help at https://help.gradle.org.
BUILD FAILED in 4m 7s
Error: Process completed with exit code 1.
0s
0s
0s
0s
0s
Run actions/upload-artifact@v4
  
Warning: No files were found with the provided path: app/build/reports/tests/. No artifacts will be uploaded.
0s
Post job cleanup.
0s
Post job cleanup.
/usr/bin/git version
git version 2.52.0
Temporarily overriding HOME='/home/runner/work/_temp/23423b64-48a6-4fd3-af5c-c3b9c3d8884d' before making global git config changes
Adding repository directory to the temporary git global config as a safe directory
/usr/bin/git config --global --add safe.directory /home/runner/work/literead/literead
/usr/bin/git config --local --name-only --get-regexp core\.sshCommand
/usr/bin/git submodule foreach --recursive sh -c "git config --local --name-only --get-regexp 'core\.sshCommand' && git config --local --unset-all 'core.sshCommand' || :"
/usr/bin/git config --local --name-only --get-regexp http\.https\:\/\/github\.com\/\.extraheader
http.https://github.com/.extraheader
/usr/bin/git config --local --unset-all http.https://github.com/.extraheader
/usr/bin/git submodule foreach --recursive sh -c "git config --local --name-only --get-regexp 'http\.https\:\/\/github\.com\/\.extraheader' && git config --local --unset-all 'http.https://github.com/.extraheader' || :"
/usr/bin/git config --local --name-only --get-regexp ^includeIf\.gitdir:
/usr/bin/git submodule foreach --recursive git config --local --show-origin --name-only --get-regexp remote.origin.url
0s
